<?xml version="1.0" encoding="UTF-8"?>
<!-- Generated by org.testng.reporters.JUnitXMLReporter -->
<testsuite ignored="0" hostname="VINU" failures="1" tests="1" name="BankingApp Test IE" time="8.565" errors="0" timestamp="2021-07-02T12:17:34 AEST">
  <testcase classname="com.inetbank.testCases.TC_LoginTest_001" name="loginTest" time="4.116">
    <failure type="java.lang.AssertionError" message="expected [true] but found [false]">
      <![CDATA[java.lang.AssertionError: expected [true] but found [false]
at com.inetbank.testCases.TC_LoginTest_001.loginTest(TC_LoginTest_001.java:34)
at java.base/java.util.ArrayList.forEach(ArrayList.java:1540)
... Removed 31 stack frames]]>
    </failure>
  </testcase> <!-- loginTest -->
</testsuite> <!-- BankingApp Test IE -->
